<?xml version="1.0" encoding="UTF-8"?>
<testng-results ignored="0" total="1" passed="1" failed="0" skipped="0">
  <reporter-output>
  </reporter-output>
  <suite started-at="2019-06-18T09:27:56Z" name="Default suite" finished-at="2019-06-18T09:28:53Z" duration-ms="56934">
    <groups>
    </groups>
    <test started-at="2019-06-18T09:27:56Z" name="Default test" finished-at="2019-06-18T09:28:53Z" duration-ms="56934">
      <class name="com.qa.testsuite.LoginPageTest">
        <test-method is-config="true" signature="setup()[pri:0, instance:com.qa.testsuite.LoginPageTest@7c417213]" started-at="2019-06-18T09:27:56Z" name="setup" finished-at="2019-06-18T09:28:41Z" duration-ms="44559" status="PASS">
          <reporter-output>
          </reporter-output>
        </test-method> <!-- setup -->
        <test-method signature="validateLoginPageTest()[pri:0, instance:com.qa.testsuite.LoginPageTest@7c417213]" started-at="2019-06-18T09:28:41Z" name="validateLoginPageTest" finished-at="2019-06-18T09:28:53Z" duration-ms="12254" status="PASS">
          <reporter-output>
          </reporter-output>
        </test-method> <!-- validateLoginPageTest -->
        <test-method is-config="true" signature="tearDown()[pri:0, instance:com.qa.testsuite.LoginPageTest@7c417213]" started-at="2019-06-18T09:28:53Z" name="tearDown" finished-at="2019-06-18T09:28:53Z" duration-ms="106" status="PASS">
          <reporter-output>
          </reporter-output>
        </test-method> <!-- tearDown -->
      </class> <!-- com.qa.testsuite.LoginPageTest -->
    </test> <!-- Default test -->
  </suite> <!-- Default suite -->
</testng-results>
